../data/papers/2014/2014_1.pdf
[CuI, spiro-OMeTAD]
../data/papers/2014/2014_10.pdf
[pp-spiro–OMeTAD, pm-spiro–OMeTAD, po-spiro–OMeTAD]
../data/papers/2014/2014_11.pdf
[HTM1, HTM2]
../data/papers/2014/2014_12.pdf
[SGT-404, SGT-405, SGT-407, spiro(OMeTAD)]
../data/papers/2014/2014_13.pdf
["X19", "X51", "Spiro-OMeTAD"]
../data/papers/2014/2014_14.pdf
In this paper, the hole-transport materials for which device efficiency results are given are:

1. H111
2. H112
3. spiro-OMeTAD
../data/papers/2014/2014_15.pdf
["T101", "T102", "T103", "spiro-OMeTAD"]
../data/papers/2014/2014_16.pdf
[TPA-MeOPh, FA-MeOPh]
../data/papers/2014/2014_17.pdf
[OMeTPA-FA, OMeTPA-TPA]
../data/papers/2014/2014_18.pdf
[spiro-MeOTAD, Fused-F]
../data/papers/2014/2014_19.pdf
["Triazine-Th-OMeTPA", "Triazine-Ph-OMeTPA", "spiro-OMeTAD"]
../data/papers/2014/2014_2.pdf
["CuSCN", "CH3NH3PbI3"]
../data/papers/2014/2014_20.pdf
[spiro-OMeTAD]
../data/papers/2014/2014_21.pdf
[]
../data/papers/2014/2014_22.pdf
[spiro-OMeTAD]
../data/papers/2014/2014_23.pdf
[]
../data/papers/2014/2014_24.pdf
[PCPDTBT, P3HT]
../data/papers/2014/2014_25.pdf
[TiOx, ht-TiO2, lt-TiO2]
../data/papers/2014/2014_26.pdf
["TPBS", "TPBC"]
../data/papers/2014/2014_27.pdf
["TTF-1", "P3HT", "spiro-OMeTAD"]
../data/papers/2014/2014_28.pdf
[H101, spiro-OMeTAD]
../data/papers/2014/2014_29.pdf
[PTAA, PF8-TAA, PIF8-TAA]
../data/papers/2014/2014_3.pdf
["CuSCN", "spiro-OMeTAD"]
../data/papers/2014/2014_30.pdf
[P3HT, P-TAA, PIF8-TAA]
../data/papers/2014/2014_31.pdf
In the given context, the hole-transport materials for which device efficiency results are given can be listed as follows:

1. P3HT/SWNT(HiPco)
2. P3HT/SWNT(CG200)
3. Li-TFSI doped spiro-OMeTAD (Li-spiro-OMeTAD)
4. P3HT
5. PTAA
6. PC
7. PMMA
../data/papers/2014/2014_32.pdf
Created a chunk of size 2891, which is longer than the specified 1000
Created a chunk of size 1676, which is longer than the specified 1000
Created a chunk of size 5271, which is longer than the specified 1000
Created a chunk of size 3911, which is longer than the specified 1000
Created a chunk of size 2243, which is longer than the specified 1000

